<?xml version="1.0" encoding="UTF-8" ?>
<testsuite tests="1" failures="0" name="mapper.DepositInfMapperTest" time="0" errors="1" skipped="0">
  <properties>
    <property name="java.runtime.name" value="Java(TM) SE Runtime Environment"/>
    <property name="sun.boot.library.path" value="D:\java kit\jdk1.8\jre\bin"/>
    <property name="java.vm.version" value="25.74-b02"/>
    <property name="java.vm.vendor" value="Oracle Corporation"/>
    <property name="java.vendor.url" value="http://java.oracle.com/"/>
    <property name="path.separator" value=";"/>
    <property name="java.vm.name" value="Java HotSpot(TM) 64-Bit Server VM"/>
    <property name="file.encoding.pkg" value="sun.io"/>
    <property name="user.script" value=""/>
    <property name="user.country" value="CN"/>
    <property name="sun.java.launcher" value="SUN_STANDARD"/>
    <property name="sun.os.patch.level" value="Service Pack 1"/>
    <property name="java.vm.specification.name" value="Java Virtual Machine Specification"/>
    <property name="user.dir" value="E:\the second year\part II\CSE III\Project\P3\AnyQuant_web"/>
    <property name="java.runtime.version" value="1.8.0_74-b02"/>
    <property name="java.awt.graphicsenv" value="sun.awt.Win32GraphicsEnvironment"/>
    <property name="basedir" value="E:\the second year\part II\CSE III\Project\P3\AnyQuant_web"/>
    <property name="java.endorsed.dirs" value="D:\java kit\jdk1.8\jre\lib\endorsed"/>
    <property name="os.arch" value="amd64"/>
    <property name="surefire.real.class.path" value="E:\the second year\part II\CSE III\Project\P3\AnyQuant_web\target\surefire\surefirebooter7596057751383014328.jar"/>
    <property name="java.io.tmpdir" value="C:\Users\ADMINI~1\AppData\Local\Temp\"/>
    <property name="line.separator" value="
"/>
    <property name="java.vm.specification.vendor" value="Oracle Corporation"/>
    <property name="user.variant" value=""/>
    <property name="os.name" value="Windows 7"/>
    <property name="sun.jnu.encoding" value="GBK"/>
    <property name="java.library.path" value="D:\java kit\jdk1.8\jre\bin;C:\Windows\Sun\Java\bin;C:\Windows\system32;C:\Windows;D:/java kit/jre1.8/bin/server;D:/java kit/jre1.8/bin;D:/java kit/jre1.8/lib/amd64;c:\program files (x86)\nvidia corporation\physx\common;c:\programdata\oracle\java\javapath;C:\Windows\system32;C:\Windows;C:\Windows\system32\wbem;C:\Windows\system32\windowspowershell\v1.0\;D:\java kit\jdk1.8\bin;D:\apache-maven-3.3.3\bin;d:\python\python2.7.5;d:\python\python2.7.5\scripts;d:\mingw\bin;c:\program files (x86)\windows kits\8.1\windows performance toolkit\;c:\program files\microsoft sql server\110\tools\binn\;c:\program files (x86)\microsoft sdks\typescript\1.0\;c:\program files\microsoft sql server\120\tools\binn\;c:\program files (x86)\mysql\mysql fabric 1.5 &amp; mysql utilities 1.5\;c:\program files (x86)\mysql\mysql fabric 1.5 &amp; mysql utilities 1.5\doctrine extensions for php\;%jython_home%\bin;D:\matlab\bin\win32;;D:\eclipse\eclipse-jee-luna-SR2-win32-x86_64\eclipse;;."/>
    <property name="surefire.test.class.path" value="E:\the second year\part II\CSE III\Project\P3\AnyQuant_web\target\test-classes;E:\the second year\part II\CSE III\Project\P3\AnyQuant_web\target\classes;C:\Users\Administrator\.m2\repository\junit\junit\4.8.2\junit-4.8.2.jar;C:\Users\Administrator\.m2\repository\org\springframework\spring-test\4.1.0.RELEASE\spring-test-4.1.0.RELEASE.jar;C:\Users\Administrator\.m2\repository\aopalliance\aopalliance\1.0\aopalliance-1.0.jar;C:\Users\Administrator\.m2\repository\mysql\mysql-connector-java\5.1.29\mysql-connector-java-5.1.29.jar;C:\Users\Administrator\.m2\repository\org\mybatis\mybatis\3.2.8\mybatis-3.2.8.jar;C:\Users\Administrator\.m2\repository\org\mybatis\mybatis-spring\1.2.2\mybatis-spring-1.2.2.jar;C:\Users\Administrator\.m2\repository\log4j\log4j\1.2.9\log4j-1.2.9.jar;C:\Users\Administrator\.m2\repository\org\apache\logging\log4j\log4j-core\2.1\log4j-core-2.1.jar;C:\Users\Administrator\.m2\repository\org\apache\logging\log4j\log4j-api\2.1\log4j-api-2.1.jar;C:\Users\Administrator\.m2\repository\org\apache\logging\log4j\log4j-web\2.1\log4j-web-2.1.jar;C:\Users\Administrator\.m2\repository\commons-logging\commons-logging\1.1.1\commons-logging-1.1.1.jar;C:\Users\Administrator\.m2\repository\jstl\jstl\1.2\jstl-1.2.jar;C:\Users\Administrator\.m2\repository\asm\asm\3.3.1\asm-3.3.1.jar;C:\Users\Administrator\.m2\repository\cglib\cglib\2.2.2\cglib-2.2.2.jar;C:\Users\Administrator\.m2\repository\org\javassist\javassist\3.17.1-GA\javassist-3.17.1-GA.jar;C:\Users\Administrator\.m2\repository\org\springframework\spring-core\4.1.0.RELEASE\spring-core-4.1.0.RELEASE.jar;C:\Users\Administrator\.m2\repository\org\springframework\spring-jms\4.1.0.RELEASE\spring-jms-4.1.0.RELEASE.jar;C:\Users\Administrator\.m2\repository\org\springframework\spring-context\4.1.0.RELEASE\spring-context-4.1.0.RELEASE.jar;C:\Users\Administrator\.m2\repository\org\springframework\spring-expression\4.1.0.RELEASE\spring-expression-4.1.0.RELEASE.jar;C:\Users\Administrator\.m2\repository\org\springframework\spring-context-support\4.1.0.RELEASE\spring-context-support-4.1.0.RELEASE.jar;C:\Users\Administrator\.m2\repository\org\springframework\spring-aop\4.1.0.RELEASE\spring-aop-4.1.0.RELEASE.jar;C:\Users\Administrator\.m2\repository\org\springframework\spring-orm\4.1.0.RELEASE\spring-orm-4.1.0.RELEASE.jar;C:\Users\Administrator\.m2\repository\org\springframework\spring-aspects\4.1.0.RELEASE\spring-aspects-4.1.0.RELEASE.jar;C:\Users\Administrator\.m2\repository\org\aspectj\aspectjweaver\1.8.2\aspectjweaver-1.8.2.jar;C:\Users\Administrator\.m2\repository\org\springframework\security\spring-security-core\3.0.5.RELEASE\spring-security-core-3.0.5.RELEASE.jar;C:\Users\Administrator\.m2\repository\org\aspectj\aspectjrt\1.6.8\aspectjrt-1.6.8.jar;C:\Users\Administrator\.m2\repository\org\springframework\security\spring-security-taglibs\3.0.5.RELEASE\spring-security-taglibs-3.0.5.RELEASE.jar;C:\Users\Administrator\.m2\repository\org\springframework\security\spring-security-acl\3.0.5.RELEASE\spring-security-acl-3.0.5.RELEASE.jar;C:\Users\Administrator\.m2\repository\org\springframework\security\spring-security-web\3.0.5.RELEASE\spring-security-web-3.0.5.RELEASE.jar;C:\Users\Administrator\.m2\repository\org\springframework\security\spring-security-config\3.0.5.RELEASE\spring-security-config-3.0.5.RELEASE.jar;C:\Users\Administrator\.m2\repository\org\springframework\spring-tx\4.1.0.RELEASE\spring-tx-4.1.0.RELEASE.jar;C:\Users\Administrator\.m2\repository\org\springframework\spring-beans\4.1.0.RELEASE\spring-beans-4.1.0.RELEASE.jar;C:\Users\Administrator\.m2\repository\org\springframework\spring-web\4.1.0.RELEASE\spring-web-4.1.0.RELEASE.jar;C:\Users\Administrator\.m2\repository\org\springframework\spring-webmvc\4.1.0.RELEASE\spring-webmvc-4.1.0.RELEASE.jar;C:\Users\Administrator\.m2\repository\org\springframework\spring-jdbc\4.1.0.RELEASE\spring-jdbc-4.1.0.RELEASE.jar;C:\Users\Administrator\.m2\repository\org\springframework\spring-messaging\4.1.0.RELEASE\spring-messaging-4.1.0.RELEASE.jar;C:\Users\Administrator\.m2\repository\commons-dbcp\commons-dbcp\1.4\commons-dbcp-1.4.jar;C:\Users\Administrator\.m2\repository\org\apache\commons\commons-lang3\3.3.2\commons-lang3-3.3.2.jar;C:\Users\Administrator\.m2\repository\commons-pool\commons-pool\1.6\commons-pool-1.6.jar;C:\Users\Administrator\.m2\repository\commons-lang\commons-lang\2.3\commons-lang-2.3.jar;C:\Users\Administrator\.m2\repository\commons-fileupload\commons-fileupload\1.2.2\commons-fileupload-1.2.2.jar;C:\Users\Administrator\.m2\repository\commons-io\commons-io\1.3.2\commons-io-1.3.2.jar;C:\Users\Administrator\.m2\repository\commons-beanutils\commons-beanutils\1.7.0\commons-beanutils-1.7.0.jar;C:\Users\Administrator\.m2\repository\commons-collections\commons-collections\3.2\commons-collections-3.2.jar;C:\Users\Administrator\.m2\repository\net\sf\ezmorph\ezmorph\1.0.4\ezmorph-1.0.4.jar;C:\Users\Administrator\.m2\repository\net\sf\json-lib\json-lib\2.2.3\json-lib-2.2.3-jdk15.jar;C:\Users\Administrator\.m2\repository\org\codehaus\jackson\jackson-core-asl\1.9.13\jackson-core-asl-1.9.13.jar;C:\Users\Administrator\.m2\repository\org\codehaus\jackson\jackson-mapper-asl\1.9.13\jackson-mapper-asl-1.9.13.jar;C:\Users\Administrator\.m2\repository\com\fasterxml\jackson\core\jackson-databind\2.2.4\jackson-databind-2.2.4.jar;C:\Users\Administrator\.m2\repository\com\fasterxml\jackson\core\jackson-annotations\2.2.4\jackson-annotations-2.2.4.jar;C:\Users\Administrator\.m2\repository\com\fasterxml\jackson\core\jackson-core\2.2.4\jackson-core-2.2.4.jar;C:\Users\Administrator\.m2\repository\javax\servlet\javax.servlet-api\3.0.1\javax.servlet-api-3.0.1.jar;"/>
    <property name="java.specification.name" value="Java Platform API Specification"/>
    <property name="java.class.version" value="52.0"/>
    <property name="sun.management.compiler" value="HotSpot 64-Bit Tiered Compilers"/>
    <property name="os.version" value="6.1"/>
    <property name="user.home" value="C:\Users\Administrator"/>
    <property name="user.timezone" value="GMT+08:00"/>
    <property name="java.awt.printerjob" value="sun.awt.windows.WPrinterJob"/>
    <property name="java.specification.version" value="1.8"/>
    <property name="file.encoding" value="GBK"/>
    <property name="user.name" value="Administrator"/>
    <property name="java.class.path" value="E:\the second year\part II\CSE III\Project\P3\AnyQuant_web\target\test-classes;E:\the second year\part II\CSE III\Project\P3\AnyQuant_web\target\classes;C:\Users\Administrator\.m2\repository\junit\junit\4.8.2\junit-4.8.2.jar;C:\Users\Administrator\.m2\repository\org\springframework\spring-test\4.1.0.RELEASE\spring-test-4.1.0.RELEASE.jar;C:\Users\Administrator\.m2\repository\aopalliance\aopalliance\1.0\aopalliance-1.0.jar;C:\Users\Administrator\.m2\repository\mysql\mysql-connector-java\5.1.29\mysql-connector-java-5.1.29.jar;C:\Users\Administrator\.m2\repository\org\mybatis\mybatis\3.2.8\mybatis-3.2.8.jar;C:\Users\Administrator\.m2\repository\org\mybatis\mybatis-spring\1.2.2\mybatis-spring-1.2.2.jar;C:\Users\Administrator\.m2\repository\log4j\log4j\1.2.9\log4j-1.2.9.jar;C:\Users\Administrator\.m2\repository\org\apache\logging\log4j\log4j-core\2.1\log4j-core-2.1.jar;C:\Users\Administrator\.m2\repository\org\apache\logging\log4j\log4j-api\2.1\log4j-api-2.1.jar;C:\Users\Administrator\.m2\repository\org\apache\logging\log4j\log4j-web\2.1\log4j-web-2.1.jar;C:\Users\Administrator\.m2\repository\commons-logging\commons-logging\1.1.1\commons-logging-1.1.1.jar;C:\Users\Administrator\.m2\repository\jstl\jstl\1.2\jstl-1.2.jar;C:\Users\Administrator\.m2\repository\asm\asm\3.3.1\asm-3.3.1.jar;C:\Users\Administrator\.m2\repository\cglib\cglib\2.2.2\cglib-2.2.2.jar;C:\Users\Administrator\.m2\repository\org\javassist\javassist\3.17.1-GA\javassist-3.17.1-GA.jar;C:\Users\Administrator\.m2\repository\org\springframework\spring-core\4.1.0.RELEASE\spring-core-4.1.0.RELEASE.jar;C:\Users\Administrator\.m2\repository\org\springframework\spring-jms\4.1.0.RELEASE\spring-jms-4.1.0.RELEASE.jar;C:\Users\Administrator\.m2\repository\org\springframework\spring-context\4.1.0.RELEASE\spring-context-4.1.0.RELEASE.jar;C:\Users\Administrator\.m2\repository\org\springframework\spring-expression\4.1.0.RELEASE\spring-expression-4.1.0.RELEASE.jar;C:\Users\Administrator\.m2\repository\org\springframework\spring-context-support\4.1.0.RELEASE\spring-context-support-4.1.0.RELEASE.jar;C:\Users\Administrator\.m2\repository\org\springframework\spring-aop\4.1.0.RELEASE\spring-aop-4.1.0.RELEASE.jar;C:\Users\Administrator\.m2\repository\org\springframework\spring-orm\4.1.0.RELEASE\spring-orm-4.1.0.RELEASE.jar;C:\Users\Administrator\.m2\repository\org\springframework\spring-aspects\4.1.0.RELEASE\spring-aspects-4.1.0.RELEASE.jar;C:\Users\Administrator\.m2\repository\org\aspectj\aspectjweaver\1.8.2\aspectjweaver-1.8.2.jar;C:\Users\Administrator\.m2\repository\org\springframework\security\spring-security-core\3.0.5.RELEASE\spring-security-core-3.0.5.RELEASE.jar;C:\Users\Administrator\.m2\repository\org\aspectj\aspectjrt\1.6.8\aspectjrt-1.6.8.jar;C:\Users\Administrator\.m2\repository\org\springframework\security\spring-security-taglibs\3.0.5.RELEASE\spring-security-taglibs-3.0.5.RELEASE.jar;C:\Users\Administrator\.m2\repository\org\springframework\security\spring-security-acl\3.0.5.RELEASE\spring-security-acl-3.0.5.RELEASE.jar;C:\Users\Administrator\.m2\repository\org\springframework\security\spring-security-web\3.0.5.RELEASE\spring-security-web-3.0.5.RELEASE.jar;C:\Users\Administrator\.m2\repository\org\springframework\security\spring-security-config\3.0.5.RELEASE\spring-security-config-3.0.5.RELEASE.jar;C:\Users\Administrator\.m2\repository\org\springframework\spring-tx\4.1.0.RELEASE\spring-tx-4.1.0.RELEASE.jar;C:\Users\Administrator\.m2\repository\org\springframework\spring-beans\4.1.0.RELEASE\spring-beans-4.1.0.RELEASE.jar;C:\Users\Administrator\.m2\repository\org\springframework\spring-web\4.1.0.RELEASE\spring-web-4.1.0.RELEASE.jar;C:\Users\Administrator\.m2\repository\org\springframework\spring-webmvc\4.1.0.RELEASE\spring-webmvc-4.1.0.RELEASE.jar;C:\Users\Administrator\.m2\repository\org\springframework\spring-jdbc\4.1.0.RELEASE\spring-jdbc-4.1.0.RELEASE.jar;C:\Users\Administrator\.m2\repository\org\springframework\spring-messaging\4.1.0.RELEASE\spring-messaging-4.1.0.RELEASE.jar;C:\Users\Administrator\.m2\repository\commons-dbcp\commons-dbcp\1.4\commons-dbcp-1.4.jar;C:\Users\Administrator\.m2\repository\org\apache\commons\commons-lang3\3.3.2\commons-lang3-3.3.2.jar;C:\Users\Administrator\.m2\repository\commons-pool\commons-pool\1.6\commons-pool-1.6.jar;C:\Users\Administrator\.m2\repository\commons-lang\commons-lang\2.3\commons-lang-2.3.jar;C:\Users\Administrator\.m2\repository\commons-fileupload\commons-fileupload\1.2.2\commons-fileupload-1.2.2.jar;C:\Users\Administrator\.m2\repository\commons-io\commons-io\1.3.2\commons-io-1.3.2.jar;C:\Users\Administrator\.m2\repository\commons-beanutils\commons-beanutils\1.7.0\commons-beanutils-1.7.0.jar;C:\Users\Administrator\.m2\repository\commons-collections\commons-collections\3.2\commons-collections-3.2.jar;C:\Users\Administrator\.m2\repository\net\sf\ezmorph\ezmorph\1.0.4\ezmorph-1.0.4.jar;C:\Users\Administrator\.m2\repository\net\sf\json-lib\json-lib\2.2.3\json-lib-2.2.3-jdk15.jar;C:\Users\Administrator\.m2\repository\org\codehaus\jackson\jackson-core-asl\1.9.13\jackson-core-asl-1.9.13.jar;C:\Users\Administrator\.m2\repository\org\codehaus\jackson\jackson-mapper-asl\1.9.13\jackson-mapper-asl-1.9.13.jar;C:\Users\Administrator\.m2\repository\com\fasterxml\jackson\core\jackson-databind\2.2.4\jackson-databind-2.2.4.jar;C:\Users\Administrator\.m2\repository\com\fasterxml\jackson\core\jackson-annotations\2.2.4\jackson-annotations-2.2.4.jar;C:\Users\Administrator\.m2\repository\com\fasterxml\jackson\core\jackson-core\2.2.4\jackson-core-2.2.4.jar;C:\Users\Administrator\.m2\repository\javax\servlet\javax.servlet-api\3.0.1\javax.servlet-api-3.0.1.jar;"/>
    <property name="java.vm.specification.version" value="1.8"/>
    <property name="sun.arch.data.model" value="64"/>
    <property name="java.home" value="D:\java kit\jdk1.8\jre"/>
    <property name="sun.java.command" value="E:\the second year\part II\CSE III\Project\P3\AnyQuant_web\target\surefire\surefirebooter7596057751383014328.jar E:\the second year\part II\CSE III\Project\P3\AnyQuant_web\target\surefire\surefire403498973747662506tmp E:\the second year\part II\CSE III\Project\P3\AnyQuant_web\target\surefire\surefire3900779994225467970tmp"/>
    <property name="java.specification.vendor" value="Oracle Corporation"/>
    <property name="user.language" value="zh"/>
    <property name="awt.toolkit" value="sun.awt.windows.WToolkit"/>
    <property name="java.vm.info" value="mixed mode"/>
    <property name="java.version" value="1.8.0_74"/>
    <property name="java.ext.dirs" value="D:\java kit\jdk1.8\jre\lib\ext;C:\Windows\Sun\Java\lib\ext"/>
    <property name="sun.boot.class.path" value="D:\java kit\jdk1.8\jre\lib\resources.jar;D:\java kit\jdk1.8\jre\lib\rt.jar;D:\java kit\jdk1.8\jre\lib\sunrsasign.jar;D:\java kit\jdk1.8\jre\lib\jsse.jar;D:\java kit\jdk1.8\jre\lib\jce.jar;D:\java kit\jdk1.8\jre\lib\charsets.jar;D:\java kit\jdk1.8\jre\lib\jfr.jar;D:\java kit\jdk1.8\jre\classes"/>
    <property name="java.vendor" value="Oracle Corporation"/>
    <property name="localRepository" value="C:\Users\Administrator\.m2\repository"/>
    <property name="file.separator" value="\"/>
    <property name="java.vendor.url.bug" value="http://bugreport.sun.com/bugreport/"/>
    <property name="sun.cpu.endian" value="little"/>
    <property name="sun.io.unicode.encoding" value="UnicodeLittle"/>
    <property name="sun.desktop" value="windows"/>
    <property name="sun.cpu.isalist" value="amd64"/>
  </properties>
  <testcase classname="mapper.DepositInfMapperTest" name="mapper.DepositInfMapperTest" time="0.313">
    <error message="org/junit/runners/model/MultipleFailureException" type="java.lang.NoClassDefFoundError">java.lang.NoClassDefFoundError: org/junit/runners/model/MultipleFailureException
	at org.springframework.test.context.junit4.SpringJUnit4ClassRunner.withAfterClasses(SpringJUnit4ClassRunner.java:187)
	at org.junit.runners.ParentRunner.classBlock(ParentRunner.java:145)
	at org.junit.runners.ParentRunner.run(ParentRunner.java:235)
	at org.springframework.test.context.junit4.SpringJUnit4ClassRunner.run(SpringJUnit4ClassRunner.java:162)
	at org.apache.maven.surefire.junit4.JUnit4TestSet.execute(JUnit4TestSet.java:53)
	at org.apache.maven.surefire.junit4.JUnit4Provider.executeTestSet(JUnit4Provider.java:119)
	at org.apache.maven.surefire.junit4.JUnit4Provider.invoke(JUnit4Provider.java:101)
	at sun.reflect.NativeMethodAccessorImpl.invoke0(Native Method)
	at sun.reflect.NativeMethodAccessorImpl.invoke(NativeMethodAccessorImpl.java:62)
	at sun.reflect.DelegatingMethodAccessorImpl.invoke(DelegatingMethodAccessorImpl.java:43)
	at java.lang.reflect.Method.invoke(Method.java:498)
	at org.apache.maven.surefire.booter.ProviderFactory$ClassLoaderProxy.invoke(ProviderFactory.java:103)
	at com.sun.proxy.$Proxy0.invoke(Unknown Source)
	at org.apache.maven.surefire.booter.SurefireStarter.invokeProvider(SurefireStarter.java:150)
	at org.apache.maven.surefire.booter.SurefireStarter.runSuitesInProcess(SurefireStarter.java:91)
	at org.apache.maven.surefire.booter.ForkedBooter.main(ForkedBooter.java:69)
Caused by: java.lang.ClassNotFoundException: org.junit.runners.model.MultipleFailureException
	at java.net.URLClassLoader.findClass(URLClassLoader.java:381)
	at java.lang.ClassLoader.loadClass(ClassLoader.java:424)
	at sun.misc.Launcher$AppClassLoader.loadClass(Launcher.java:331)
	at java.lang.ClassLoader.loadClass(ClassLoader.java:357)
	... 16 more
</error>
    <system-out>@SLTests run: 1, Failures: 0, Errors: 1, Skipped: 0, Time elapsed: 0.016 sec &lt;&lt;&lt; FAILURE!
@SLRunning mapper.DepositInfMapperTest
2016-06-10 09:19:19,887 [main] DEBUG [org.springframework.test.context.junit4.SpringJUnit4ClassRunner] - SpringJUnit4ClassRunner constructor called with [class mapper.DepositInfMapperTest].
2016-06-10 09:19:19,887 [main] DEBUG [org.springframework.test.context.BootstrapUtils] - Instantiating TestContextBootstrapper from class [org.springframework.test.context.support.DefaultTestContextBootstrapper]
2016-06-10 09:19:19,887 [main] DEBUG [org.springframework.test.context.support.ContextLoaderUtils] - Retrieved @ContextConfiguration attributes [{name=, value=[], classes=[], loader=interface org.springframework.test.context.ContextLoader, locations=[classpath:configure/spring/applicationContext-*.xml], inheritInitializers=true, inheritLocations=true, initializers=[]}] for declaring class [mapper.DepositInfMapperTest].
2016-06-10 09:19:19,887 [main] DEBUG [org.springframework.test.context.support.ContextLoaderUtils] - Resolved context configuration attributes: [ContextConfigurationAttributes@fb42c1c declaringClass = &apos;mapper.DepositInfMapperTest&apos;, classes = &apos;{}&apos;, locations = &apos;{classpath:configure/spring/applicationContext-*.xml}&apos;, inheritLocations = true, initializers = &apos;{}&apos;, inheritInitializers = true, name = [null], contextLoaderClass = &apos;org.springframework.test.context.ContextLoader&apos;]
2016-06-10 09:19:19,887 [main] DEBUG [org.springframework.test.context.support.DefaultTestContextBootstrapper] - Resolving ContextLoader for context configuration attributes [ContextConfigurationAttributes@fb42c1c declaringClass = &apos;mapper.DepositInfMapperTest&apos;, classes = &apos;{}&apos;, locations = &apos;{classpath:configure/spring/applicationContext-*.xml}&apos;, inheritLocations = true, initializers = &apos;{}&apos;, inheritInitializers = true, name = [null], contextLoaderClass = &apos;org.springframework.test.context.ContextLoader&apos;]
2016-06-10 09:19:19,887 [main] DEBUG [org.springframework.test.context.support.DefaultTestContextBootstrapper] - Using ContextLoader class [org.springframework.test.context.support.DelegatingSmartContextLoader] for test class [mapper.DepositInfMapperTest]
2016-06-10 09:19:19,887 [main] DEBUG [org.springframework.test.context.support.DefaultTestContextBootstrapper] - Processing locations and classes for context configuration attributes [ContextConfigurationAttributes@fb42c1c declaringClass = &apos;mapper.DepositInfMapperTest&apos;, classes = &apos;{}&apos;, locations = &apos;{classpath:configure/spring/applicationContext-*.xml}&apos;, inheritLocations = true, initializers = &apos;{}&apos;, inheritInitializers = true, name = [null], contextLoaderClass = &apos;org.springframework.test.context.ContextLoader&apos;]
2016-06-10 09:19:19,887 [main] DEBUG [org.springframework.test.context.support.AbstractDelegatingSmartContextLoader] - Delegating to GenericXmlContextLoader to process context configuration [ContextConfigurationAttributes@fb42c1c declaringClass = &apos;mapper.DepositInfMapperTest&apos;, classes = &apos;{}&apos;, locations = &apos;{classpath:configure/spring/applicationContext-*.xml}&apos;, inheritLocations = true, initializers = &apos;{}&apos;, inheritInitializers = true, name = [null], contextLoaderClass = &apos;org.springframework.test.context.ContextLoader&apos;].
2016-06-10 09:19:19,887 [main] DEBUG [org.springframework.test.context.support.ApplicationContextInitializerUtils] - Processing context initializers for context configuration attributes [ContextConfigurationAttributes@fb42c1c declaringClass = &apos;mapper.DepositInfMapperTest&apos;, classes = &apos;{}&apos;, locations = &apos;{classpath:configure/spring/applicationContext-*.xml}&apos;, inheritLocations = true, initializers = &apos;{}&apos;, inheritInitializers = true, name = [null], contextLoaderClass = &apos;org.springframework.test.context.ContextLoader&apos;]
2016-06-10 09:19:19,887 [main] DEBUG [org.springframework.test.context.support.ActiveProfilesUtils] - Could not find an &apos;annotation declaring class&apos; for annotation type [org.springframework.test.context.ActiveProfiles] and class [mapper.DepositInfMapperTest]
2016-06-10 09:19:19,887 [main] DEBUG [org.springframework.test.context.support.DefaultTestContextBootstrapper] - Retrieved @TestExecutionListeners attributes [{value=[class org.springframework.test.context.transaction.TransactionalTestExecutionListener,class org.springframework.test.context.jdbc.SqlScriptsTestExecutionListener], listeners=[], mergeMode=REPLACE_DEFAULTS, inheritListeners=true}] for declaring class [org.springframework.test.context.junit4.AbstractTransactionalJUnit4SpringContextTests].
2016-06-10 09:19:19,887 [main] DEBUG [org.springframework.test.context.support.DefaultTestContextBootstrapper] - Retrieved @TestExecutionListeners attributes [{value=[class org.springframework.test.context.web.ServletTestExecutionListener,class org.springframework.test.context.support.DependencyInjectionTestExecutionListener,class org.springframework.test.context.support.DirtiesContextTestExecutionListener], listeners=[], mergeMode=REPLACE_DEFAULTS, inheritListeners=true}] for declaring class [org.springframework.test.context.junit4.AbstractJUnit4SpringContextTests].
2016-06-10 09:19:19,887 [main] INFO  [org.springframework.test.context.support.DefaultTestContextBootstrapper] - Using TestExecutionListeners: [org.springframework.test.context.web.ServletTestExecutionListener@4edde05c, org.springframework.test.context.support.DependencyInjectionTestExecutionListener@2911db81, org.springframework.test.context.support.DirtiesContextTestExecutionListener@7fce1069, org.springframework.test.context.transaction.TransactionalTestExecutionListener@51b41740, org.springframework.test.context.jdbc.SqlScriptsTestExecutionListener@70cac22a]
2016-06-10 09:19:19,887 [main] DEBUG [org.springframework.test.context.TestContextManager] - Registering TestExecutionListener: org.springframework.test.context.web.ServletTestExecutionListener@4edde05c
2016-06-10 09:19:19,887 [main] DEBUG [org.springframework.test.context.TestContextManager] - Registering TestExecutionListener: org.springframework.test.context.support.DependencyInjectionTestExecutionListener@2911db81
2016-06-10 09:19:19,887 [main] DEBUG [org.springframework.test.context.TestContextManager] - Registering TestExecutionListener: org.springframework.test.context.support.DirtiesContextTestExecutionListener@7fce1069
2016-06-10 09:19:19,887 [main] DEBUG [org.springframework.test.context.TestContextManager] - Registering TestExecutionListener: org.springframework.test.context.transaction.TransactionalTestExecutionListener@51b41740
2016-06-10 09:19:19,887 [main] DEBUG [org.springframework.test.context.TestContextManager] - Registering TestExecutionListener: org.springframework.test.context.jdbc.SqlScriptsTestExecutionListener@70cac22a
2016-06-10 09:19:19,887 [main] DEBUG [org.springframework.test.annotation.ProfileValueUtils] - Retrieved @ProfileValueSourceConfiguration [null] for test class [mapper.DepositInfMapperTest]
2016-06-10 09:19:19,887 [main] DEBUG [org.springframework.test.annotation.ProfileValueUtils] - Retrieved ProfileValueSource type [class org.springframework.test.annotation.SystemProfileValueSource] for class [mapper.DepositInfMapperTest]
2016-06-10 09:19:19,887 [main] DEBUG [org.springframework.test.annotation.ProfileValueUtils] - Retrieved @ProfileValueSourceConfiguration [null] for test class [mapper.DepositInfMapperTest]
2016-06-10 09:19:19,887 [main] DEBUG [org.springframework.test.annotation.ProfileValueUtils] - Retrieved ProfileValueSource type [class org.springframework.test.annotation.SystemProfileValueSource] for class [mapper.DepositInfMapperTest]
</system-out>
  </testcase>
</testsuite>